#
# There is insufficient memory for the Java Runtime Environment to continue.
# Native memory allocation (mmap) failed to map 199229440 bytes for Failed to commit area from 0x0000000742800000 to 0x000000074e600000 of length 199229440.
# Possible reasons:
#   The system is out of physical RAM or swap space
#   The process is running with CompressedOops enabled, and the Java Heap may be blocking the growth of the native heap
# Possible solutions:
#   Reduce memory load on the system
#   Increase physical memory or swap space
#   Check if swap backing store is full
#   Decrease Java heap size (-Xmx/-Xms)
#   Decrease number of Java threads
#   Decrease Java thread stack sizes (-Xss)
#   Set larger code cache with -XX:ReservedCodeCacheSize=
# This output file may be truncated or incomplete.
#
#  Out of Memory Error (./open/src/hotspot/os/windows/os_windows.cpp:3287), pid=12740, tid=524
#
# JRE version:  (11.0.16.1+1) (build )
# Java VM: Java HotSpot(TM) 64-Bit Server VM (11.0.16.1+1-LTS-1, mixed mode, sharing, tiered, compressed oops, g1 gc, windows-amd64)
# No core dump will be written. Minidumps are not enabled by default on client versions of Windows
#

---------------  S U M M A R Y ------------

Command Line: c:\Users\Ikbal\.vscode\extensions\salesforce.salesforce-vscode-slds-2.0.12\lsp-2.0.12-executable.jar --PORT=64256

Host: Intel(R) Core(TM) i3-10110U CPU @ 2.10GHz, 4 cores, 11G,  Windows 10 , 64 bit Build 19041 (10.0.19041.5915)
Time: Tue Sep  9 15:34:53 2025 SE Asia Standard Time elapsed time: 0.076875 seconds (0d 0h 0m 0s)

---------------  T H R E A D  ---------------

Current thread (0x000001dc44f7d000):  JavaThread "Unknown thread" [_thread_in_vm, id=524, stack(0x0000008767d00000,0x0000008767e00000)]

Stack: [0x0000008767d00000,0x0000008767e00000]
Native frames: (J=compiled Java code, j=interpreted, Vv=VM code, C=native code)
V  [jvm.dll+0x62a3da]
V  [jvm.dll+0x76407f]
V  [jvm.dll+0x765729]
V  [jvm.dll+0x765db3]
V  [jvm.dll+0x23dc18]
V  [jvm.dll+0x6276fa]
V  [jvm.dll+0x61c465]
V  [jvm.dll+0x2f2c2c]
V  [jvm.dll+0x2f2ab2]
V  [jvm.dll+0x2f77d6]
V  [jvm.dll+0x33a1df]
V  [jvm.dll+0x339c10]
V  [jvm.dll+0x2d0248]
V  [jvm.dll+0x2d13b6]
V  [jvm.dll+0x73e647]
V  [jvm.dll+0x73fedf]
V  [jvm.dll+0x346f09]
V  [jvm.dll+0x723f50]
V  [jvm.dll+0x3b5aef]
V  [jvm.dll+0x3b7c01]
C  [jli.dll+0x5207]
C  [ucrtbase.dll+0x21bb2]
C  [KERNEL32.DLL+0x17374]
C  [ntdll.dll+0x4cc91]


---------------  P R O C E S S  ---------------

Threads class SMR info:
_java_thread_list=0x000001dc42d22fc0, length=0, elements={
}

Java Threads: ( => current thread )

Other Threads:
  0x000001dc44f93800 GCTaskThread "GC Thread#0" [stack: 0x0000008767e00000,0x0000008767f00000] [id=6628]
  0x000001dc44fd8000 ConcurrentGCThread "G1 Main Marker" [stack: 0x0000008767f00000,0x0000008768000000] [id=17864]
  0x000001dc44fda800 ConcurrentGCThread "G1 Conc#0" [stack: 0x0000000000000000,0x0000000000000000] [id=11176]

[error occurred during error reporting (printing all threads), id 0xc0000005, EXCEPTION_ACCESS_VIOLATION (0xc0000005) at pc=0x00007ffb7226f4d7]

VM state:not at safepoint (not fully initialized)

VM Mutex/Monitor currently owned by a thread:  ([mutex/lock_event])
[0x000001dc44f7a960] Heap_lock - owner thread: 0x000001dc44f7d000

Heap address: 0x0000000742800000, size: 3032 MB, Compressed Oops mode: Non-zero based: 0x0000000742800000
Narrow klass base: 0x0000000000000000, Narrow klass shift: 0

GC Heap History (0 events):
No events

Deoptimization events (0 events):
No events

Classes redefined (0 events):
No events

Internal exceptions (0 events):
No events

Events (0 events):
No events


Dynamic libraries:
0x00007ff7b5360000 - 0x00007ff7b536f000 	C:\Program Files\Java\jdk-11.0.16.1\bin\java.exe
0x00007ffbc40d0000 - 0x00007ffbc42c8000 	C:\WINDOWS\SYSTEM32\ntdll.dll
0x00007ffbc2980000 - 0x00007ffbc2a42000 	C:\WINDOWS\System32\KERNEL32.DLL
0x00007ffbc1c70000 - 0x00007ffbc1f67000 	C:\WINDOWS\System32\KERNELBASE.dll
0x00007ffbc1f70000 - 0x00007ffbc2070000 	C:\WINDOWS\System32\ucrtbase.dll
0x00007ffb9d8d0000 - 0x00007ffb9d8e8000 	C:\Program Files\Java\jdk-11.0.16.1\bin\jli.dll
0x00007ffbc2670000 - 0x00007ffbc2721000 	C:\WINDOWS\System32\ADVAPI32.dll
0x00007ffbc3320000 - 0x00007ffbc33be000 	C:\WINDOWS\System32\msvcrt.dll
0x00007ffbc3cd0000 - 0x00007ffbc3d6f000 	C:\WINDOWS\System32\sechost.dll
0x00007ffbc3e40000 - 0x00007ffbc3f66000 	C:\WINDOWS\System32\RPCRT4.dll
0x00007ffbc1af0000 - 0x00007ffbc1b17000 	C:\WINDOWS\System32\bcrypt.dll
0x00007ffbc3170000 - 0x00007ffbc330d000 	C:\WINDOWS\System32\USER32.dll
0x00007ffbc1760000 - 0x00007ffbc1782000 	C:\WINDOWS\System32\win32u.dll
0x00007ffbc33c0000 - 0x00007ffbc33eb000 	C:\WINDOWS\System32\GDI32.dll
0x00007ffbc1820000 - 0x00007ffbc1939000 	C:\WINDOWS\System32\gdi32full.dll
0x00007ffbc1bd0000 - 0x00007ffbc1c6d000 	C:\WINDOWS\System32\msvcp_win.dll
0x00007ffb9d540000 - 0x00007ffb9d555000 	C:\Program Files\Java\jdk-11.0.16.1\bin\VCRUNTIME140.dll
0x00007ffbaffb0000 - 0x00007ffbb024a000 	C:\WINDOWS\WinSxS\amd64_microsoft.windows.common-controls_6595b64144ccf1df_6.0.19041.5915_none_60b4b9d171f9c7c7\COMCTL32.dll
0x00007ffbba2c0000 - 0x00007ffbba2ca000 	C:\WINDOWS\SYSTEM32\VERSION.dll
0x00007ffbc4000000 - 0x00007ffbc402f000 	C:\WINDOWS\System32\IMM32.DLL
0x00007ffb8f420000 - 0x00007ffb8f4bb000 	C:\Program Files\Java\jdk-11.0.16.1\bin\msvcp140.dll
0x00007ffb71f90000 - 0x00007ffb72aa8000 	C:\Program Files\Java\jdk-11.0.16.1\bin\server\jvm.dll
0x00007ffbc3f70000 - 0x00007ffbc3f78000 	C:\WINDOWS\System32\PSAPI.DLL
0x00007ffba46d0000 - 0x00007ffba46d9000 	C:\WINDOWS\SYSTEM32\WSOCK32.dll
0x00007ffbc3c60000 - 0x00007ffbc3ccb000 	C:\WINDOWS\System32\WS2_32.dll
0x00007ffbae9a0000 - 0x00007ffbae9c7000 	C:\WINDOWS\SYSTEM32\WINMM.dll
0x00007ffbbff70000 - 0x00007ffbbff82000 	C:\WINDOWS\SYSTEM32\kernel.appcore.dll
0x00007ffbbb130000 - 0x00007ffbbb140000 	C:\Program Files\Java\jdk-11.0.16.1\bin\verify.dll
0x00007ffbbfb00000 - 0x00007ffbbfd01000 	C:\WINDOWS\SYSTEM32\DBGHELP.DLL
0x00007ffbac060000 - 0x00007ffbac094000 	C:\WINDOWS\SYSTEM32\dbgcore.DLL
0x00007ffbc1790000 - 0x00007ffbc1812000 	C:\WINDOWS\System32\bcryptPrimitives.dll
0x00007ffb92530000 - 0x00007ffb92558000 	C:\Program Files\Java\jdk-11.0.16.1\bin\java.dll
0x00007ffba4d20000 - 0x00007ffba4d2a000 	C:\Program Files\Java\jdk-11.0.16.1\bin\jimage.dll
0x00007ffb9b6d0000 - 0x00007ffb9b6e6000 	C:\Program Files\Java\jdk-11.0.16.1\bin\zip.dll

dbghelp: loaded successfully - version: 4.0.5 - missing functions: none
symbol engine: initialized successfully - sym options: 0x614 - pdb path: .;C:\Program Files\Java\jdk-11.0.16.1\bin;C:\WINDOWS\SYSTEM32;C:\WINDOWS\WinSxS\amd64_microsoft.windows.common-controls_6595b64144ccf1df_6.0.19041.5915_none_60b4b9d171f9c7c7;C:\Program Files\Java\jdk-11.0.16.1\bin\server

VM Arguments:
java_command: c:\Users\Ikbal\.vscode\extensions\salesforce.salesforce-vscode-slds-2.0.12\lsp-2.0.12-executable.jar --PORT=64256
java_class_path (initial): c:\Users\Ikbal\.vscode\extensions\salesforce.salesforce-vscode-slds-2.0.12\lsp-2.0.12-executable.jar
Launcher Type: SUN_STANDARD

[Global flags]
     intx CICompilerCount                          = 3                                         {product} {ergonomic}
     uint ConcGCThreads                            = 1                                         {product} {ergonomic}
     uint G1ConcRefinementThreads                  = 4                                         {product} {ergonomic}
   size_t G1HeapRegionSize                         = 1048576                                   {product} {ergonomic}
    uintx GCDrainStackTargetSize                   = 64                                        {product} {ergonomic}
   size_t InitialHeapSize                          = 199229440                                 {product} {ergonomic}
   size_t MarkStackSize                            = 4194304                                   {product} {ergonomic}
   size_t MaxHeapSize                              = 3179282432                                {product} {ergonomic}
   size_t MinHeapDeltaBytes                        = 1048576                                   {product} {ergonomic}
    uintx NonNMethodCodeHeapSize                   = 5830732                                {pd product} {ergonomic}
    uintx NonProfiledCodeHeapSize                  = 122913754                              {pd product} {ergonomic}
    uintx ProfiledCodeHeapSize                     = 122913754                              {pd product} {ergonomic}
    uintx ReservedCodeCacheSize                    = 251658240                              {pd product} {ergonomic}
     bool SegmentedCodeCache                       = true                                      {product} {ergonomic}
     bool UseCompressedClassPointers               = true                                 {lp64_product} {ergonomic}
     bool UseCompressedOops                        = true                                 {lp64_product} {ergonomic}
     bool UseG1GC                                  = true                                      {product} {ergonomic}
     bool UseLargePagesIndividualAllocation        = false                                  {pd product} {ergonomic}

Logging:
Log output configuration:
 #0: stdout all=warning uptime,level,tags
 #1: stderr all=off uptime,level,tags

Environment Variables:
JAVA_HOME=C:\Program Files\Java\jdk-11.0.16.1
PATH=C:\Program Files\Common Files\Oracle\Java\javapath;C:\WINDOWS\system32;C:\WINDOWS;C:\WINDOWS\System32\Wbem;C:\WINDOWS\System32\WindowsPowerShell\v1.0\;C:\WINDOWS\System32\OpenSSH\;C:\Program Files\Git\cmd;D:\flutter\bin;D:\flutter\bin\cache\dart-sdk;D:\flutter\bin\cache\dart-sdk\bin;C:\xampp\php;C:\ProgramData\ComposerSetup\bin;D:\New folder\Dart\dart-sdk\bin;C:\Program Files\Java\jdk-11.0.16.1\bin;D:\flutter\.pub-cache\bin;C:\Users\Ikbal\AppData\Local\Pub\Cache\bin;C:\Program Files\nodejs\;C:\Program Files\Cloudflare\Cloudflare WARP\;C:\imagick;C:\Users\Ikbal\AppData\Local\Programs\Python\Python310\Scripts\;C:\Users\Ikbal\AppData\Local\Programs\Python\Python310\;C:\Users\Ikbal\AppData\Local\Microsoft\WindowsApps;C:\Users\Ikbal\AppData\Local\Programs\Microsoft VS Code\bin;D:\flutter\bin;D:\flutter\bin\cache\dart-sdk;D:\flutter\bin\cache\dart-sdk\bin;C:\xampp\php;C:\Users\Ikbal\AppData\Roaming\Composer\vendor\bin;C:\Program Files\Java\jdk-11.0.16.1\bin;D:\flutter\.pub-cache\bin;C:\Users\Ikbal\AppData\Local\Pub\Cache\bin;C:\Program Files\sf\bin;C:\Users\Ikbal\AppData\Roaming\npm
USERNAME=Ikbal
OS=Windows_NT
PROCESSOR_IDENTIFIER=Intel64 Family 6 Model 142 Stepping 12, GenuineIntel



---------------  S Y S T E M  ---------------

OS: Windows 10 , 64 bit Build 19041 (10.0.19041.5915)
Hyper-V role detected

CPU:total 4 (initial active 4) (2 cores per cpu, 2 threads per core) family 6 model 142 stepping 12 microcode 0xde, cmov, cx8, fxsr, mmx, sse, sse2, sse3, ssse3, sse4.1, sse4.2, popcnt, avx, avx2, aes, clmul, erms, 3dnowpref, lzcnt, ht, tsc, tscinvbit, bmi1, bmi2, adx, fma

Memory: 4k page, system-wide physical 12125M (1867M free)
TotalPageFile size 18509M (AvailPageFile size 28M)
current process WorkingSet (physical memory assigned to process): 10M, peak: 10M
current process commit charge ("private bytes"): 51M, peak: 241M

vm_info: Java HotSpot(TM) 64-Bit Server VM (11.0.16.1+1-LTS-1) for windows-amd64 JRE (11.0.16.1+1-LTS-1), built on Aug 16 2022 01:46:01 by "mach5one" with MS VC++ 15.9 (VS2017)

END.
